2021-07-23 21:15:43.442  INFO 8155 --- [main] com.example.demo.SareetaApplication      : Starting SareetaApplication on Davids-MacBook-Pro.local with PID 8155 (/Users/david/Documents/Udacity/eCommerce-David/starter_code/target/classes started by david in /Users/david/Documents/Udacity/eCommerce-David)
2021-07-23 21:15:43.450  INFO 8155 --- [main] com.example.demo.SareetaApplication      : No active profile set, falling back to default profiles: default
2021-07-23 21:15:44.184  INFO 8155 --- [main] .s.d.r.c.RepositoryConfigurationDelegate : Bootstrapping Spring Data repositories in DEFAULT mode.
2021-07-23 21:15:44.278  INFO 8155 --- [main] .s.d.r.c.RepositoryConfigurationDelegate : Finished Spring Data repository scanning in 79ms. Found 4 repository interfaces.
2021-07-23 21:15:45.078  INFO 8155 --- [main] trationDelegate$BeanPostProcessorChecker : Bean 'org.springframework.transaction.annotation.ProxyTransactionManagementConfiguration' of type [org.springframework.transaction.annotation.ProxyTransactionManagementConfiguration$$EnhancerBySpringCGLIB$$25de7292] is not eligible for getting processed by all BeanPostProcessors (for example: not eligible for auto-proxying)
2021-07-23 21:15:45.494  INFO 8155 --- [main] o.s.b.w.embedded.tomcat.TomcatWebServer  : Tomcat initialized with port(s): 8082 (http)
2021-07-23 21:15:45.533  INFO 8155 --- [main] o.apache.catalina.core.StandardService   : Starting service [Tomcat]
2021-07-23 21:15:45.533  INFO 8155 --- [main] org.apache.catalina.core.StandardEngine  : Starting Servlet engine: [Apache Tomcat/9.0.19]
2021-07-23 21:15:45.684  INFO 8155 --- [main] o.a.c.c.C.[Tomcat].[localhost].[/]       : Initializing Spring embedded WebApplicationContext
2021-07-23 21:15:45.684  INFO 8155 --- [main] o.s.web.context.ContextLoader            : Root WebApplicationContext: initialization completed in 2170 ms
2021-07-23 21:15:45.947  INFO 8155 --- [main] com.zaxxer.hikari.HikariDataSource       : HikariPool-1 - Starting...
2021-07-23 21:15:46.220  INFO 8155 --- [main] com.zaxxer.hikari.HikariDataSource       : HikariPool-1 - Start completed.
2021-07-23 21:15:46.304  INFO 8155 --- [main] o.hibernate.jpa.internal.util.LogHelper  : HHH000204: Processing PersistenceUnitInfo [
	name: default
	...]
2021-07-23 21:15:46.420  INFO 8155 --- [main] org.hibernate.Version                    : HHH000412: Hibernate Core {5.3.10.Final}
2021-07-23 21:15:46.422  INFO 8155 --- [main] org.hibernate.cfg.Environment            : HHH000206: hibernate.properties not found
2021-07-23 21:15:46.695  INFO 8155 --- [main] o.hibernate.annotations.common.Version   : HCANN000001: Hibernate Commons Annotations {5.0.4.Final}
2021-07-23 21:15:46.903  INFO 8155 --- [main] org.hibernate.dialect.Dialect            : HHH000400: Using dialect: org.hibernate.dialect.H2Dialect
2021-07-23 21:15:47.993  INFO 8155 --- [main] j.LocalContainerEntityManagerFactoryBean : Initialized JPA EntityManagerFactory for persistence unit 'default'
2021-07-23 21:15:48.863  WARN 8155 --- [main] aWebConfiguration$JpaWebMvcConfiguration : spring.jpa.open-in-view is enabled by default. Therefore, database queries may be performed during view rendering. Explicitly configure spring.jpa.open-in-view to disable this warning
2021-07-23 21:15:48.967  INFO 8155 --- [main] o.s.s.web.DefaultSecurityFilterChain     : Creating filter chain: any request, [org.springframework.security.web.context.request.async.WebAsyncManagerIntegrationFilter@102c24d1, org.springframework.security.web.context.SecurityContextPersistenceFilter@480994d3, org.springframework.security.web.header.HeaderWriterFilter@52b30dcd, org.springframework.web.filter.CorsFilter@495f7ca4, org.springframework.security.web.authentication.logout.LogoutFilter@7204d98f, com.example.demo.security.JWTAuthFilter@700202fa, com.example.demo.security.JWTAuthVerFilter@141234df, org.springframework.security.web.savedrequest.RequestCacheAwareFilter@a5d23c9, org.springframework.security.web.servletapi.SecurityContextHolderAwareRequestFilter@6244afc4, org.springframework.security.web.authentication.AnonymousAuthenticationFilter@65698020, org.springframework.security.web.session.SessionManagementFilter@1bbc1b90, org.springframework.security.web.access.ExceptionTranslationFilter@314c6f89, org.springframework.security.web.access.intercept.FilterSecurityInterceptor@10508ba6]
2021-07-23 21:15:49.143  INFO 8155 --- [main] o.s.s.concurrent.ThreadPoolTaskExecutor  : Initializing ExecutorService 'applicationTaskExecutor'
2021-07-23 21:15:49.387  INFO 8155 --- [main] o.s.b.w.embedded.tomcat.TomcatWebServer  : Tomcat started on port(s): 8082 (http) with context path ''
2021-07-23 21:15:49.392  INFO 8155 --- [main] com.example.demo.SareetaApplication      : Started SareetaApplication in 11.623 seconds (JVM running for 12.409)
2021-07-23 21:16:09.943  INFO 8155 --- [http-nio-8082-exec-2] o.a.c.c.C.[Tomcat].[localhost].[/]       : Initializing Spring DispatcherServlet 'dispatcherServlet'
2021-07-23 21:16:09.945  INFO 8155 --- [http-nio-8082-exec-2] o.s.web.servlet.DispatcherServlet        : Initializing Servlet 'dispatcherServlet'
2021-07-23 21:16:09.954  INFO 8155 --- [http-nio-8082-exec-2] o.s.web.servlet.DispatcherServlet        : Completed initialization in 9 ms
2021-07-23 21:16:10.064  INFO 8155 --- [http-nio-8082-exec-2] c.e.demo.controllers.UserController      : Username Test27
2021-07-23 21:16:10.221  INFO 8155 --- [http-nio-8082-exec-2] c.e.demo.controllers.UserController      : User was successfully created 
2021-07-23 21:16:35.354  INFO 8155 --- [http-nio-8082-exec-3] o.h.h.i.QueryTranslatorFactoryInitiator  : HHH000397: Using ASTQueryTranslatorFactory
2021-07-23 21:18:50.062  INFO 8155 --- [http-nio-8082-exec-8] c.e.demo.controllers.CartController      : There was an Item added: 2 to Cart of UserTest27
2021-07-23 21:19:19.247  WARN 8155 --- [http-nio-8082-exec-9] c.e.demo.controllers.OrderController     : There was no User found with this Username 
2021-07-23 21:19:34.965  WARN 8155 --- [http-nio-8082-exec-10] c.e.demo.controllers.OrderController     : There was no User found with this Username 
2021-07-23 21:20:10.522  INFO 8155 --- [http-nio-8082-exec-1] c.e.demo.controllers.OrderController     : The following Order was submitted by User: Test27
2021-07-23 21:22:05.442  INFO 8155 --- [Thread-3] o.s.s.concurrent.ThreadPoolTaskExecutor  : Shutting down ExecutorService 'applicationTaskExecutor'
2021-07-23 21:22:05.445  INFO 8155 --- [Thread-3] j.LocalContainerEntityManagerFactoryBean : Closing JPA EntityManagerFactory for persistence unit 'default'
2021-07-23 21:22:05.448  INFO 8155 --- [Thread-3] com.zaxxer.hikari.HikariDataSource       : HikariPool-1 - Shutdown initiated...
2021-07-23 21:22:05.453  INFO 8155 --- [Thread-3] com.zaxxer.hikari.HikariDataSource       : HikariPool-1 - Shutdown completed.
2021-07-23 22:49:29.312  INFO 13375 --- [main] com.example.demo.SareetaApplication      : Starting SareetaApplication on Davids-MacBook-Pro.local with PID 13375 (/Users/david/Documents/Udacity/eCommerce-David/starter_code/target/classes started by david in /Users/david/Documents/Udacity/eCommerce-David)
2021-07-23 22:49:29.317  INFO 13375 --- [main] com.example.demo.SareetaApplication      : No active profile set, falling back to default profiles: default
2021-07-23 22:49:29.904  INFO 13375 --- [main] .s.d.r.c.RepositoryConfigurationDelegate : Bootstrapping Spring Data repositories in DEFAULT mode.
2021-07-23 22:49:29.978  INFO 13375 --- [main] .s.d.r.c.RepositoryConfigurationDelegate : Finished Spring Data repository scanning in 64ms. Found 4 repository interfaces.
2021-07-23 22:49:30.677  INFO 13375 --- [main] trationDelegate$BeanPostProcessorChecker : Bean 'org.springframework.transaction.annotation.ProxyTransactionManagementConfiguration' of type [org.springframework.transaction.annotation.ProxyTransactionManagementConfiguration$$EnhancerBySpringCGLIB$$32ca0683] is not eligible for getting processed by all BeanPostProcessors (for example: not eligible for auto-proxying)
2021-07-23 22:49:31.031  INFO 13375 --- [main] o.s.b.w.embedded.tomcat.TomcatWebServer  : Tomcat initialized with port(s): 8082 (http)
2021-07-23 22:49:31.066  INFO 13375 --- [main] o.apache.catalina.core.StandardService   : Starting service [Tomcat]
2021-07-23 22:49:31.066  INFO 13375 --- [main] org.apache.catalina.core.StandardEngine  : Starting Servlet engine: [Apache Tomcat/9.0.19]
2021-07-23 22:49:31.186  INFO 13375 --- [main] o.a.c.c.C.[Tomcat].[localhost].[/]       : Initializing Spring embedded WebApplicationContext
2021-07-23 22:49:31.186  INFO 13375 --- [main] o.s.web.context.ContextLoader            : Root WebApplicationContext: initialization completed in 1822 ms
2021-07-23 22:49:31.416  INFO 13375 --- [main] com.zaxxer.hikari.HikariDataSource       : HikariPool-1 - Starting...
2021-07-23 22:49:31.596  INFO 13375 --- [main] com.zaxxer.hikari.HikariDataSource       : HikariPool-1 - Start completed.
2021-07-23 22:49:31.665  INFO 13375 --- [main] o.hibernate.jpa.internal.util.LogHelper  : HHH000204: Processing PersistenceUnitInfo [
	name: default
	...]
2021-07-23 22:49:31.729  INFO 13375 --- [main] org.hibernate.Version                    : HHH000412: Hibernate Core {5.3.10.Final}
2021-07-23 22:49:31.731  INFO 13375 --- [main] org.hibernate.cfg.Environment            : HHH000206: hibernate.properties not found
2021-07-23 22:49:31.869  INFO 13375 --- [main] o.hibernate.annotations.common.Version   : HCANN000001: Hibernate Commons Annotations {5.0.4.Final}
2021-07-23 22:49:32.024  INFO 13375 --- [main] org.hibernate.dialect.Dialect            : HHH000400: Using dialect: org.hibernate.dialect.H2Dialect
2021-07-23 22:49:32.873  INFO 13375 --- [main] j.LocalContainerEntityManagerFactoryBean : Initialized JPA EntityManagerFactory for persistence unit 'default'
2021-07-23 22:49:33.554  WARN 13375 --- [main] aWebConfiguration$JpaWebMvcConfiguration : spring.jpa.open-in-view is enabled by default. Therefore, database queries may be performed during view rendering. Explicitly configure spring.jpa.open-in-view to disable this warning
2021-07-23 22:49:33.646  INFO 13375 --- [main] o.s.s.web.DefaultSecurityFilterChain     : Creating filter chain: any request, [org.springframework.security.web.context.request.async.WebAsyncManagerIntegrationFilter@aaa7000, org.springframework.security.web.context.SecurityContextPersistenceFilter@49de1505, org.springframework.security.web.header.HeaderWriterFilter@125124ea, org.springframework.web.filter.CorsFilter@64fba3e6, org.springframework.security.web.authentication.logout.LogoutFilter@34e9de8d, com.example.demo.security.JWTAuthFilter@58d79479, com.example.demo.security.JWTAuthVerFilter@102c24d1, org.springframework.security.web.savedrequest.RequestCacheAwareFilter@29e3c28, org.springframework.security.web.servletapi.SecurityContextHolderAwareRequestFilter@29431f61, org.springframework.security.web.authentication.AnonymousAuthenticationFilter@495f7ca4, org.springframework.security.web.session.SessionManagementFilter@31450fc0, org.springframework.security.web.access.ExceptionTranslationFilter@8b1170f, org.springframework.security.web.access.intercept.FilterSecurityInterceptor@36857d32]
2021-07-23 22:49:33.799  INFO 13375 --- [main] o.s.s.concurrent.ThreadPoolTaskExecutor  : Initializing ExecutorService 'applicationTaskExecutor'
2021-07-23 22:49:34.035  INFO 13375 --- [main] o.s.b.w.embedded.tomcat.TomcatWebServer  : Tomcat started on port(s): 8082 (http) with context path ''
2021-07-23 22:49:34.040  INFO 13375 --- [main] com.example.demo.SareetaApplication      : Started SareetaApplication in 10.402 seconds (JVM running for 11.151)
2021-07-23 22:51:02.637  INFO 13375 --- [http-nio-8082-exec-2] o.a.c.c.C.[Tomcat].[localhost].[/]       : Initializing Spring DispatcherServlet 'dispatcherServlet'
2021-07-23 22:51:02.638  INFO 13375 --- [http-nio-8082-exec-2] o.s.web.servlet.DispatcherServlet        : Initializing Servlet 'dispatcherServlet'
2021-07-23 22:51:02.648  INFO 13375 --- [http-nio-8082-exec-2] o.s.web.servlet.DispatcherServlet        : Completed initialization in 10 ms
2021-07-23 22:51:02.764  INFO 13375 --- [http-nio-8082-exec-2] c.e.demo.controllers.UserController      : Username Test37
2021-07-23 22:51:02.948  INFO 13375 --- [http-nio-8082-exec-2] c.e.demo.controllers.UserController      : User was successfully created 
2021-07-23 22:51:10.025  INFO 13375 --- [http-nio-8082-exec-3] o.h.h.i.QueryTranslatorFactoryInitiator  : HHH000397: Using ASTQueryTranslatorFactory
2021-07-23 22:52:00.305  INFO 13375 --- [http-nio-8082-exec-5] c.e.demo.controllers.CartController      : There was an Item added: 1 to Cart of UserTest37
2021-07-23 22:52:04.485  INFO 13375 --- [http-nio-8082-exec-6] c.e.demo.controllers.OrderController     : The following Order was submitted by User: Test37
2021-07-23 22:52:50.911  INFO 13375 --- [http-nio-8082-exec-8] c.e.demo.controllers.UserController      : Username Test47
2021-07-23 22:52:51.006  INFO 13375 --- [http-nio-8082-exec-8] c.e.demo.controllers.UserController      : User was successfully created 
2021-07-23 22:53:09.696  INFO 13375 --- [http-nio-8082-exec-2] c.e.demo.controllers.CartController      : There was an Item added: 1 to Cart of UserTest47
2021-07-23 22:53:15.157  INFO 13375 --- [http-nio-8082-exec-3] c.e.demo.controllers.OrderController     : The following Order was submitted by User: Test47
2021-07-23 22:54:00.757  INFO 13375 --- [http-nio-8082-exec-5] c.e.demo.controllers.UserController      : Username Test57
2021-07-23 22:54:00.853  INFO 13375 --- [http-nio-8082-exec-5] c.e.demo.controllers.UserController      : User was successfully created 
2021-07-23 22:54:12.921  INFO 13375 --- [http-nio-8082-exec-8] c.e.demo.controllers.CartController      : There was an Item added: 1 to Cart of UserTest57
2021-07-23 22:54:16.311  INFO 13375 --- [http-nio-8082-exec-9] c.e.demo.controllers.OrderController     : The following Order was submitted by User: Test57
2021-07-23 22:54:59.213  INFO 13375 --- [http-nio-8082-exec-1] c.e.demo.controllers.UserController      : Username Test67
2021-07-23 22:54:59.308  INFO 13375 --- [http-nio-8082-exec-1] c.e.demo.controllers.UserController      : User was successfully created 
2021-07-23 22:55:10.978  INFO 13375 --- [http-nio-8082-exec-4] c.e.demo.controllers.CartController      : There was an Item added: 1 to Cart of UserTest67
2021-07-23 22:55:15.218  INFO 13375 --- [http-nio-8082-exec-5] c.e.demo.controllers.OrderController     : The following Order was submitted by User: Test67
2021-07-23 22:56:08.583  INFO 13375 --- [http-nio-8082-exec-7] c.e.demo.controllers.UserController      : Username Test77
2021-07-23 22:56:08.678  INFO 13375 --- [http-nio-8082-exec-7] c.e.demo.controllers.UserController      : User was successfully created 
2021-07-23 22:56:19.332  INFO 13375 --- [http-nio-8082-exec-10] c.e.demo.controllers.CartController      : There was an Item added: 2 to Cart of UserTest77
2021-07-23 22:56:23.005  INFO 13375 --- [http-nio-8082-exec-1] c.e.demo.controllers.OrderController     : The following Order was submitted by User: Test77
2021-07-23 22:56:50.270  INFO 13375 --- [Thread-3] o.s.s.concurrent.ThreadPoolTaskExecutor  : Shutting down ExecutorService 'applicationTaskExecutor'
2021-07-23 22:56:50.272  INFO 13375 --- [Thread-3] j.LocalContainerEntityManagerFactoryBean : Closing JPA EntityManagerFactory for persistence unit 'default'
2021-07-23 22:56:50.275  INFO 13375 --- [Thread-3] com.zaxxer.hikari.HikariDataSource       : HikariPool-1 - Shutdown initiated...
2021-07-23 22:56:50.280  INFO 13375 --- [Thread-3] com.zaxxer.hikari.HikariDataSource       : HikariPool-1 - Shutdown completed.
